{
  "stats": {
    "suites": 1,
    "tests": 1,
    "passes": 1,
    "pending": 0,
    "failures": 0,
    "start": "2023-11-07T08:57:11.175Z",
    "end": "2023-11-07T08:57:18.383Z",
    "duration": 7208,
    "testsRegistered": 1,
    "passPercent": 100,
    "pendingPercent": 0,
    "other": 0,
    "hasOther": false,
    "skipped": 0,
    "hasSkipped": false
  },
  "results": [
    {
      "uuid": "fc101b68-80e8-4ccc-aa7b-cde863924f77",
      "title": "",
      "fullFile": "cypress\\e2e\\API\\index.spec.js",
      "file": "cypress\\e2e\\API\\index.spec.js",
      "beforeHooks": [],
      "afterHooks": [],
      "tests": [],
      "suites": [
        {
          "uuid": "cb0e4511-5a48-459c-89ff-d983c94d871d",
          "title": "Event handlers",
          "fullFile": "",
          "file": "",
          "beforeHooks": [],
          "afterHooks": [],
          "tests": [
            {
              "title": "Should return event data",
              "fullTitle": "Event handlers Should return event data",
              "timedOut": null,
              "duration": 7144,
              "state": "passed",
              "speed": "medium",
              "pass": true,
              "fail": false,
              "pending": false,
              "context": null,
              "code": "cy.request({\n  method: \"GET\",\n  url: `http://localhost:8001/`,\n  failOnStatusCode: false\n}).as(\"response\");\ncy.get(\"@response\").its(\"status\").should(\"equal\", 200);",
              "err": {},
              "uuid": "474c10c4-386e-49d8-9cc0-4ba98b826e5b",
              "parentUUID": "cb0e4511-5a48-459c-89ff-d983c94d871d",
              "isHook": false,
              "skipped": false
            }
          ],
          "suites": [],
          "passes": [
            "474c10c4-386e-49d8-9cc0-4ba98b826e5b"
          ],
          "failures": [],
          "pending": [],
          "skipped": [],
          "duration": 7144,
          "root": false,
          "rootEmpty": false,
          "_timeout": 2000
        }
      ],
      "passes": [],
      "failures": [],
      "pending": [],
      "skipped": [],
      "duration": 0,
      "root": true,
      "rootEmpty": true,
      "_timeout": 2000
    }
  ],
  "meta": {
    "mocha": {
      "version": "7.0.1"
    },
    "mochawesome": {
      "options": {
        "quiet": false,
        "reportFilename": "mochawesome",
        "saveHtml": false,
        "saveJson": true,
        "consoleReporter": "spec",
        "useInlineDiffs": false,
        "code": true
      },
      "version": "7.1.3"
    },
    "marge": {
      "options": {
        "reportDir": "cypress\\reports\\.jsons",
        "charts": true,
        "quite": true,
        "overwrite": false,
        "html": false,
        "json": true
      },
      "version": "6.2.0"
    }
  }
}