{
  "stats": {
    "suites": 1,
    "tests": 2,
    "passes": 2,
    "pending": 0,
    "failures": 0,
    "start": "2023-11-02T11:30:08.139Z",
    "end": "2023-11-02T11:30:10.079Z",
    "duration": 1940,
    "testsRegistered": 2,
    "passPercent": 100,
    "pendingPercent": 0,
    "other": 0,
    "hasOther": false,
    "skipped": 0,
    "hasSkipped": false
  },
  "results": [
    {
      "uuid": "b957d973-7d94-492f-ad31-11c7e0b1cf1b",
      "title": "",
      "fullFile": "cypress\\e2e\\index.spec.js",
      "file": "cypress\\e2e\\index.spec.js",
      "beforeHooks": [],
      "afterHooks": [],
      "tests": [],
      "suites": [
        {
          "uuid": "b8a0354f-f92f-48f3-abc1-4b5318a877a5",
          "title": "Event rendering API",
          "fullFile": "",
          "file": "",
          "beforeHooks": [],
          "afterHooks": [],
          "tests": [
            {
              "title": "Should be return sports event data",
              "fullTitle": "Event rendering API Should be return sports event data",
              "timedOut": null,
              "duration": 1796,
              "state": "passed",
              "speed": "fast",
              "pass": true,
              "fail": false,
              "pending": false,
              "context": null,
              "code": "cy.request({\n  method: \"GET\",\n  url: `localhost:8001/sports/15`\n}).as(\"response\");\ncy.get(\"@response\").its(\"status\").should(\"equal\", 200);",
              "err": {},
              "uuid": "ffcfa96c-bfd6-45ad-825c-9a7526c5a1a6",
              "parentUUID": "b8a0354f-f92f-48f3-abc1-4b5318a877a5",
              "isHook": false,
              "skipped": false
            },
            {
              "title": "Should render about page",
              "fullTitle": "Event rendering API Should render about page",
              "timedOut": null,
              "duration": 45,
              "state": "passed",
              "speed": "fast",
              "pass": true,
              "fail": false,
              "pending": false,
              "context": null,
              "code": "cy.request({\n  method: \"GET\",\n  url: `localhost:8001/about/*`\n}).as(\"response\");\ncy.get(\"@response\").its(\"status\").should(\"equal\", 200);",
              "err": {},
              "uuid": "432b0823-26da-40f8-bd22-01e2f1737d85",
              "parentUUID": "b8a0354f-f92f-48f3-abc1-4b5318a877a5",
              "isHook": false,
              "skipped": false
            }
          ],
          "suites": [],
          "passes": [
            "ffcfa96c-bfd6-45ad-825c-9a7526c5a1a6",
            "432b0823-26da-40f8-bd22-01e2f1737d85"
          ],
          "failures": [],
          "pending": [],
          "skipped": [],
          "duration": 1841,
          "root": false,
          "rootEmpty": false,
          "_timeout": 2000
        }
      ],
      "passes": [],
      "failures": [],
      "pending": [],
      "skipped": [],
      "duration": 0,
      "root": true,
      "rootEmpty": true,
      "_timeout": 2000
    }
  ],
  "meta": {
    "mocha": {
      "version": "7.0.1"
    },
    "mochawesome": {
      "options": {
        "quiet": false,
        "reportFilename": "mochawesome",
        "saveHtml": false,
        "saveJson": true,
        "consoleReporter": "spec",
        "useInlineDiffs": false,
        "code": true
      },
      "version": "7.1.3"
    },
    "marge": {
      "options": {
        "reportDir": "cypress\\reports\\.jsons",
        "charts": true,
        "quite": true,
        "overwrite": false,
        "html": false,
        "json": true
      },
      "version": "6.2.0"
    }
  }
}