{
  "stats": {
    "suites": 1,
    "tests": 2,
    "passes": 2,
    "pending": 0,
    "failures": 0,
    "start": "2023-11-02T11:34:14.729Z",
    "end": "2023-11-02T11:34:16.860Z",
    "duration": 2131,
    "testsRegistered": 2,
    "passPercent": 100,
    "pendingPercent": 0,
    "other": 0,
    "hasOther": false,
    "skipped": 0,
    "hasSkipped": false
  },
  "results": [
    {
      "uuid": "4771473e-1c86-405c-817d-eb1763858768",
      "title": "",
      "fullFile": "cypress\\e2e\\index.spec.js",
      "file": "cypress\\e2e\\index.spec.js",
      "beforeHooks": [],
      "afterHooks": [],
      "tests": [],
      "suites": [
        {
          "uuid": "28b6de72-e737-4c4c-a21d-634cc7444f81",
          "title": "Event rendering API",
          "fullFile": "",
          "file": "",
          "beforeHooks": [],
          "afterHooks": [],
          "tests": [
            {
              "title": "Should be return sports event data",
              "fullTitle": "Event rendering API Should be return sports event data",
              "timedOut": null,
              "duration": 1935,
              "state": "passed",
              "speed": "fast",
              "pass": true,
              "fail": false,
              "pending": false,
              "context": null,
              "code": "cy.request({\n  method: \"GET\",\n  url: `localhost:8001/sports/15`\n}).as(\"response\");\ncy.get(\"@response\").its(\"status\").should(\"equal\", 200);",
              "err": {},
              "uuid": "b9901c05-5d2d-484f-9f3e-a0581e9239ca",
              "parentUUID": "28b6de72-e737-4c4c-a21d-634cc7444f81",
              "isHook": false,
              "skipped": false
            },
            {
              "title": "Should render about page",
              "fullTitle": "Event rendering API Should render about page",
              "timedOut": null,
              "duration": 71,
              "state": "passed",
              "speed": "fast",
              "pass": true,
              "fail": false,
              "pending": false,
              "context": null,
              "code": "cy.request({\n  method: \"GET\",\n  url: `localhost:8001/about/*`\n}).as(\"response\");\ncy.get(\"@response\").its(\"status\").should(\"equal\", 200);",
              "err": {},
              "uuid": "25f6cad3-3768-49da-80f6-fdffd4940895",
              "parentUUID": "28b6de72-e737-4c4c-a21d-634cc7444f81",
              "isHook": false,
              "skipped": false
            }
          ],
          "suites": [],
          "passes": [
            "b9901c05-5d2d-484f-9f3e-a0581e9239ca",
            "25f6cad3-3768-49da-80f6-fdffd4940895"
          ],
          "failures": [],
          "pending": [],
          "skipped": [],
          "duration": 2006,
          "root": false,
          "rootEmpty": false,
          "_timeout": 2000
        }
      ],
      "passes": [],
      "failures": [],
      "pending": [],
      "skipped": [],
      "duration": 0,
      "root": true,
      "rootEmpty": true,
      "_timeout": 2000
    }
  ],
  "meta": {
    "mocha": {
      "version": "7.0.1"
    },
    "mochawesome": {
      "options": {
        "quiet": false,
        "reportFilename": "mochawesome",
        "saveHtml": false,
        "saveJson": true,
        "consoleReporter": "spec",
        "useInlineDiffs": false,
        "code": true
      },
      "version": "7.1.3"
    },
    "marge": {
      "options": {
        "reportDir": "cypress\\reports\\.jsons",
        "charts": true,
        "quite": true,
        "overwrite": false,
        "html": false,
        "json": true
      },
      "version": "6.2.0"
    }
  }
}