{
  "stats": {
    "suites": 1,
    "tests": 1,
    "passes": 0,
    "pending": 0,
    "failures": 1,
    "start": "2023-11-07T08:56:32.590Z",
    "end": "2023-11-07T08:56:34.087Z",
    "duration": 1497,
    "testsRegistered": 1,
    "passPercent": 0,
    "pendingPercent": 0,
    "other": 0,
    "hasOther": false,
    "skipped": 0,
    "hasSkipped": false
  },
  "results": [
    {
      "uuid": "ed3b4525-6c09-4ddd-9bb5-2312b2c32fd0",
      "title": "",
      "fullFile": "cypress\\e2e\\API\\index.spec.js",
      "file": "cypress\\e2e\\API\\index.spec.js",
      "beforeHooks": [],
      "afterHooks": [],
      "tests": [],
      "suites": [
        {
          "uuid": "bb16df52-39bc-4099-af6e-b9b19fe8a457",
          "title": "Event handlers",
          "fullFile": "",
          "file": "",
          "beforeHooks": [],
          "afterHooks": [],
          "tests": [
            {
              "title": "Should return event data",
              "fullTitle": "Event handlers Should return event data",
              "timedOut": null,
              "duration": 347,
              "state": "failed",
              "speed": null,
              "pass": false,
              "fail": true,
              "pending": false,
              "context": null,
              "code": "cyan.request({\n  method: \"GET\",\n  url: `http://localhost:8001/`,\n  failOnStatusCode: false\n}).as(\"response\");\ncy.get(\"@response\").its(\"status\").should(\"equal\", 200);",
              "err": {
                "message": "ReferenceError: cyan is not defined",
                "estack": "ReferenceError: cyan is not defined\n    at Context.eval (webpack://sportsapp/./cypress/e2e/API/index.spec.js:4:8)",
                "diff": null
              },
              "uuid": "e69dd384-f1dc-4cfd-b331-107765db01d5",
              "parentUUID": "bb16df52-39bc-4099-af6e-b9b19fe8a457",
              "isHook": false,
              "skipped": false
            }
          ],
          "suites": [],
          "passes": [],
          "failures": [
            "e69dd384-f1dc-4cfd-b331-107765db01d5"
          ],
          "pending": [],
          "skipped": [],
          "duration": 347,
          "root": false,
          "rootEmpty": false,
          "_timeout": 2000
        }
      ],
      "passes": [],
      "failures": [],
      "pending": [],
      "skipped": [],
      "duration": 0,
      "root": true,
      "rootEmpty": true,
      "_timeout": 2000
    }
  ],
  "meta": {
    "mocha": {
      "version": "7.0.1"
    },
    "mochawesome": {
      "options": {
        "quiet": false,
        "reportFilename": "mochawesome",
        "saveHtml": false,
        "saveJson": true,
        "consoleReporter": "spec",
        "useInlineDiffs": false,
        "code": true
      },
      "version": "7.1.3"
    },
    "marge": {
      "options": {
        "reportDir": "cypress\\reports\\.jsons",
        "charts": true,
        "quite": true,
        "overwrite": false,
        "html": false,
        "json": true
      },
      "version": "6.2.0"
    }
  }
}