{
  "stats": {
    "suites": 1,
    "tests": 5,
    "passes": 5,
    "pending": 0,
    "failures": 0,
    "start": "2023-11-08T05:12:09.843Z",
    "end": "2023-11-08T05:12:19.744Z",
    "duration": 9901,
    "testsRegistered": 5,
    "passPercent": 100,
    "pendingPercent": 0,
    "other": 0,
    "hasOther": false,
    "skipped": 0,
    "hasSkipped": false
  },
  "results": [
    {
      "uuid": "f36dd514-0613-4c5a-8546-02471ab653fa",
      "title": "",
      "fullFile": "cypress\\e2e\\API\\index.spec.js",
      "file": "cypress\\e2e\\API\\index.spec.js",
      "beforeHooks": [],
      "afterHooks": [],
      "tests": [],
      "suites": [
        {
          "uuid": "5d861868-fffc-4847-8627-eafbedada272",
          "title": "Event handlers",
          "fullFile": "",
          "file": "",
          "beforeHooks": [],
          "afterHooks": [],
          "tests": [
            {
              "title": "Should return event data",
              "fullTitle": "Event handlers Should return event data",
              "timedOut": null,
              "duration": 7754,
              "state": "passed",
              "speed": "medium",
              "pass": true,
              "fail": false,
              "pending": false,
              "context": null,
              "code": "cy.request({\n  method: \"GET\",\n  url: `http://localhost:8001/`,\n  failOnStatusCode: false\n}).as(\"response\");\ncy.get(\"@response\").its(\"status\").should(\"equal\", 200);",
              "err": {},
              "uuid": "9fb51b26-5cc7-46af-905c-acfb56b69d0b",
              "parentUUID": "5d861868-fffc-4847-8627-eafbedada272",
              "isHook": false,
              "skipped": false
            },
            {
              "title": "Should return about page",
              "fullTitle": "Event handlers Should return about page",
              "timedOut": null,
              "duration": 74,
              "state": "passed",
              "speed": "fast",
              "pass": true,
              "fail": false,
              "pending": false,
              "context": null,
              "code": "cy.request({\n  method: \"GET\",\n  url: `http://localhost:8001/about`,\n  failOnStatusCode: false\n}).as(\"response\");\ncy.get(\"@response\").its(\"status\").should(\"equal\", 200);",
              "err": {},
              "uuid": "fa8474c5-47b4-4318-ae23-25894d32b04d",
              "parentUUID": "5d861868-fffc-4847-8627-eafbedada272",
              "isHook": false,
              "skipped": false
            },
            {
              "title": "Should return error message when url is invalid url",
              "fullTitle": "Event handlers Should return error message when url is invalid url",
              "timedOut": null,
              "duration": 187,
              "state": "passed",
              "speed": "fast",
              "pass": true,
              "fail": false,
              "pending": false,
              "context": null,
              "code": "cy.request({\n  method: \"GET\",\n  url: `http://localhost:8001/about/hvg`,\n  failOnStatusCode: false\n}).as(\"response\");\ncy.get(\"@response\").its(\"status\").should(\"equal\", 404);",
              "err": {},
              "uuid": "db5a7643-73fc-421f-a592-422c9f920f4e",
              "parentUUID": "5d861868-fffc-4847-8627-eafbedada272",
              "isHook": false,
              "skipped": false
            },
            {
              "title": "Should return error message when url is invalid url base url",
              "fullTitle": "Event handlers Should return error message when url is invalid url base url",
              "timedOut": null,
              "duration": 247,
              "state": "passed",
              "speed": "fast",
              "pass": true,
              "fail": false,
              "pending": false,
              "context": null,
              "code": "cy.request({\n  method: \"GET\",\n  url: `http://localhost:8001/hvg`,\n  failOnStatusCode: false\n}).as(\"response\");\ncy.get(\"@response\").its(\"status\").should(\"equal\", 404);",
              "err": {},
              "uuid": "276a2f44-0cc0-4f42-a62b-5c38d76f5822",
              "parentUUID": "5d861868-fffc-4847-8627-eafbedada272",
              "isHook": false,
              "skipped": false
            },
            {
              "title": "Should return sports details",
              "fullTitle": "Event handlers Should return sports details",
              "timedOut": null,
              "duration": 1242,
              "state": "passed",
              "speed": "fast",
              "pass": true,
              "fail": false,
              "pending": false,
              "context": null,
              "code": "cy.request({\n  method: \"GET\",\n  url: `http://localhost:8001/sports/14`,\n  failOnStatusCode: false\n}).as(\"response\");\ncy.get(\"@response\").its(\"status\").should(\"equal\", 200);",
              "err": {},
              "uuid": "ddf0426a-d686-4366-8802-f6bd08e27c27",
              "parentUUID": "5d861868-fffc-4847-8627-eafbedada272",
              "isHook": false,
              "skipped": false
            }
          ],
          "suites": [],
          "passes": [
            "9fb51b26-5cc7-46af-905c-acfb56b69d0b",
            "fa8474c5-47b4-4318-ae23-25894d32b04d",
            "db5a7643-73fc-421f-a592-422c9f920f4e",
            "276a2f44-0cc0-4f42-a62b-5c38d76f5822",
            "ddf0426a-d686-4366-8802-f6bd08e27c27"
          ],
          "failures": [],
          "pending": [],
          "skipped": [],
          "duration": 9504,
          "root": false,
          "rootEmpty": false,
          "_timeout": 2000
        }
      ],
      "passes": [],
      "failures": [],
      "pending": [],
      "skipped": [],
      "duration": 0,
      "root": true,
      "rootEmpty": true,
      "_timeout": 2000
    }
  ],
  "meta": {
    "mocha": {
      "version": "7.0.1"
    },
    "mochawesome": {
      "options": {
        "quiet": false,
        "reportFilename": "mochawesome",
        "saveHtml": false,
        "saveJson": true,
        "consoleReporter": "spec",
        "useInlineDiffs": false,
        "code": true
      },
      "version": "7.1.3"
    },
    "marge": {
      "options": {
        "reportDir": "cypress\\reports\\.jsons",
        "charts": true,
        "quite": true,
        "overwrite": false,
        "html": false,
        "json": true
      },
      "version": "6.2.0"
    }
  }
}